<?xml version="1.0" encoding="UTF-8"?>
<!-- Generated by org.testng.reporters.JUnitReportReporter -->
<testsuite skipped="0" hostname="LAPTOP-C1873E79" name="restAssuredPractice.RestAssuredPractice" tests="3" failures="0" timestamp="01 Sep 2018 07:05:58 GMT" time="10.589" errors="0">
  <testcase name="doPracticeRestAssuredDeleteTweet" time="4.849" classname="restAssuredPractice.RestAssuredPractice"/>
  <testcase name="doPracticeRestAssured" time="4.357" classname="restAssuredPractice.RestAssuredPractice"/>
  <testcase name="doPracticeRestAssuredGetLastTweet" time="1.383" classname="restAssuredPractice.RestAssuredPractice"/>
</testsuite> <!-- restAssuredPractice.RestAssuredPractice -->
