<?xml version="1.0" encoding="UTF-8"?>
<!-- Generated by org.testng.reporters.JUnitReportReporter -->
<testsuite skipped="0" hostname="LAPTOP-C1873E79" name="test.YahooPageTest" tests="1" failures="0" timestamp="16 Jul 2018 16:24:58 GMT" time="26.833" errors="0">
  <testcase name="yahooPageTest" time="26.833" classname="test.YahooPageTest"/>
</testsuite> <!-- test.YahooPageTest -->
