<?xml version="1.0" encoding="UTF-8"?>
<!-- Generated by org.testng.reporters.JUnitReportReporter -->
<testsuite skipped="0" hostname="LAPTOP-C1873E79" name="excel.ReadDataFromExcel" tests="1" failures="0" timestamp="16 Jun 2018 03:09:59 GMT" time="0.283" errors="0">
  <testcase name="readingDataFromExcel" time="0.283" classname="excel.ReadDataFromExcel"/>
</testsuite> <!-- excel.ReadDataFromExcel -->
