<?xml version="1.0" encoding="UTF-8"?>
<!-- Generated by org.testng.reporters.JUnitReportReporter -->
<testsuite skipped="0" hostname="LAPTOP-C1873E79" name="dynamicWebTables.HandleWebTables" tests="1" failures="0" timestamp="04 Aug 2018 03:47:02 GMT" time="42.720" errors="0">
  <testcase name="doHandleDynamicWebTables" time="42.720" classname="dynamicWebTables.HandleWebTables"/>
</testsuite> <!-- dynamicWebTables.HandleWebTables -->
