<?xml version="1.0" encoding="UTF-8"?>
<!-- Generated by org.testng.reporters.JUnitReportReporter -->
<testsuite skipped="0" hostname="LAPTOP-C1873E79" name="mouseMovements.HandleMouseActions" tests="1" failures="0" timestamp="13 Jun 2018 15:09:16 GMT" time="101.314" errors="0">
  <testcase name="doHandleMouseActions" time="101.314" classname="mouseMovements.HandleMouseActions"/>
</testsuite> <!-- mouseMovements.HandleMouseActions -->
