<?xml version="1.0" encoding="UTF-8"?>
<!-- Generated by org.testng.reporters.JUnitReportReporter -->
<testsuite skipped="0" hostname="LAPTOP-C1873E79" name="singletonWebDriver.NewTest" tests="1" failures="0" timestamp="19 Jul 2018 17:06:55 GMT" time="5.180" errors="0">
  <testcase name="firstTest" time="5.180" classname="singletonWebDriver.NewTest"/>
</testsuite> <!-- singletonWebDriver.NewTest -->
