<?xml version="1.0" encoding="UTF-8"?>
<!-- Generated by org.testng.reporters.JUnitReportReporter -->
<testsuite skipped="0" hostname="LAPTOP-C1873E79" name="logging.ImplementingLogging" tests="1" failures="0" timestamp="16 Jun 2018 02:07:55 GMT" time="35.069" errors="0">
  <testcase name="firstLoggingTest" time="35.069" classname="logging.ImplementingLogging"/>
</testsuite> <!-- logging.ImplementingLogging -->
