<?xml version="1.0" encoding="UTF-8"?>
<!-- Generated by org.testng.reporters.JUnitReportReporter -->
<testsuite skipped="0" hostname="LAPTOP-C1873E79" name="linksTables.HandleLinksTables" tests="1" failures="0" timestamp="10 Jun 2018 15:50:25 GMT" time="30.982" errors="0">
  <testcase name="doHandleLinksTables" time="30.982" classname="linksTables.HandleLinksTables"/>
</testsuite> <!-- linksTables.HandleLinksTables -->
