<?xml version="1.0" encoding="UTF-8"?>
<!-- Generated by org.testng.reporters.JUnitReportReporter -->
<testsuite skipped="0" hostname="LAPTOP-C1873E79" name="multiWindows.HandleMultiWindows" tests="1" failures="0" timestamp="10 Jun 2018 10:21:30 GMT" time="14.794" errors="0">
  <testcase name="handleMultiWindows" time="14.794" classname="multiWindows.HandleMultiWindows"/>
</testsuite> <!-- multiWindows.HandleMultiWindows -->
