<?xml version="1.0" encoding="UTF-8"?>
<!-- Generated by org.testng.reporters.JUnitReportReporter -->
<testsuite skipped="0" hostname="LAPTOP-C1873E79" name="dataroviders.ParameterByDataprovider" tests="3" failures="0" timestamp="13 Jun 2018 15:51:53 GMT" time="9.688" errors="0">
  <testcase name="testMethod" time="3.118" classname="dataroviders.ParameterByDataprovider"/>
  <testcase name="testMethod" time="3.456" classname="dataroviders.ParameterByDataprovider"/>
  <testcase name="testMethod" time="3.114" classname="dataroviders.ParameterByDataprovider"/>
</testsuite> <!-- dataroviders.ParameterByDataprovider -->
