<?xml version="1.0" encoding="UTF-8"?>
<!-- Generated by org.testng.reporters.JUnitReportReporter -->
<testsuite skipped="0" hostname="LAPTOP-C1873E79" name="alertHandling.HandleAlerts" tests="1" failures="0" timestamp="10 Jun 2018 09:52:54 GMT" time="15.439" errors="0">
  <testcase name="do_Handle_Alerts" time="15.439" classname="alertHandling.HandleAlerts"/>
</testsuite> <!-- alertHandling.HandleAlerts -->
