<?xml version="1.0" encoding="UTF-8"?>
<!-- Generated by org.testng.reporters.JUnitReportReporter -->
<testsuite skipped="0" hostname="LAPTOP-C1873E79" name="findAllLinks.FindAllLinksInPage" tests="1" failures="0" timestamp="08 Jun 2018 09:29:55 GMT" time="22.145" errors="0">
  <testcase name="FindingAllLinksInPage" time="22.145" classname="findAllLinks.FindAllLinksInPage"/>
</testsuite> <!-- findAllLinks.FindAllLinksInPage -->
