<?xml version="1.0" encoding="UTF-8"?>
<!-- Generated by org.testng.reporters.JUnitReportReporter -->
<testsuite skipped="0" hostname="LAPTOP-C1873E79" name="handleIframes.HowToHandleIframes" tests="1" failures="0" timestamp="10 Jun 2018 15:15:41 GMT" time="19.797" errors="0">
  <testcase name="doHandleIframes" time="19.797" classname="handleIframes.HowToHandleIframes"/>
</testsuite> <!-- handleIframes.HowToHandleIframes -->
