<?xml version="1.0" encoding="UTF-8"?>
<!-- Generated by org.testng.reporters.JUnitReportReporter -->
<testsuite skipped="0" hostname="LAPTOP-C1873E79" name="dropDowns.SelectDropDownValues" tests="1" failures="0" timestamp="10 Jun 2018 15:32:59 GMT" time="16.675" errors="0">
  <testcase name="doSelectDropDownValues" time="16.675" classname="dropDowns.SelectDropDownValues"/>
</testsuite> <!-- dropDowns.SelectDropDownValues -->
