<?xml version="1.0" encoding="UTF-8"?>
<!-- Generated by org.testng.reporters.JUnitReportReporter -->
<testsuite skipped="0" hostname="LAPTOP-C1873E79" name="dynamicWebTables.DynamicWebTables" tests="1" failures="0" timestamp="09 Aug 2018 15:38:03 GMT" time="49.568" errors="0">
  <testcase name="handleDynamicWebTables" time="49.568" classname="dynamicWebTables.DynamicWebTables"/>
</testsuite> <!-- dynamicWebTables.DynamicWebTables -->
