<?xml version="1.0" encoding="UTF-8"?>
<!-- Generated by org.testng.reporters.JUnitReportReporter -->
<testsuite skipped="0" hostname="LAPTOP-C1873E79" name="menuItem.MenuItemTesting" tests="1" failures="0" timestamp="19 Jun 2018 16:46:06 GMT" time="73.255" errors="0">
  <testcase name="testMenuItem" time="73.255" classname="menuItem.MenuItemTesting"/>
</testsuite> <!-- menuItem.MenuItemTesting -->
