<?xml version="1.0" encoding="UTF-8"?>
<!-- Generated by org.testng.reporters.JUnitReportReporter -->
<testsuite skipped="0" hostname="LAPTOP-C1873E79" name="testClasses.HomePageTest" tests="1" failures="0" timestamp="12 Aug 2018 05:29:35 GMT" time="4.035" errors="0">
  <testcase name="loginTest" time="4.035" classname="testClasses.HomePageTest"/>
</testsuite> <!-- testClasses.HomePageTest -->
