<?xml version="1.0" encoding="UTF-8"?>
<!-- Generated by org.testng.reporters.JUnitReportReporter -->
<testsuite skipped="0" hostname="LAPTOP-C1873E79" name="testClasses.HomePageTest" tests="5" failures="0" timestamp="12 Aug 2018 16:16:06 GMT" time="16.958" errors="0">
  <testcase name="loginTest" time="3.306" classname="testClasses.HomePageTest"/>
  <testcase name="loginTest" time="3.481" classname="testClasses.HomePageTest"/>
  <testcase name="loginTest" time="3.430" classname="testClasses.HomePageTest"/>
  <testcase name="loginTest" time="2.686" classname="testClasses.HomePageTest"/>
  <testcase name="loginTest" time="4.055" classname="testClasses.HomePageTest"/>
</testsuite> <!-- testClasses.HomePageTest -->
